c:\users\alaguillog\documents\updated comet\mstoolkit\x64\release\mstoolkitlite\vc90.pdb
c:\users\alaguillog\documents\updated comet\mstoolkit\x64\release\mstoolkitlite\zutil.obj
c:\users\alaguillog\documents\updated comet\mstoolkit\x64\release\mstoolkitlite\uncompr.obj
c:\users\alaguillog\documents\updated comet\mstoolkit\x64\release\mstoolkitlite\trees.obj
c:\users\alaguillog\documents\updated comet\mstoolkit\x64\release\mstoolkitlite\inftrees.obj
c:\users\alaguillog\documents\updated comet\mstoolkit\x64\release\mstoolkitlite\inflate.obj
c:\users\alaguillog\documents\updated comet\mstoolkit\x64\release\mstoolkitlite\inffast.obj
c:\users\alaguillog\documents\updated comet\mstoolkit\x64\release\mstoolkitlite\infback.obj
c:\users\alaguillog\documents\updated comet\mstoolkit\x64\release\mstoolkitlite\gzwrite.obj
c:\users\alaguillog\documents\updated comet\mstoolkit\x64\release\mstoolkitlite\gzread.obj
c:\users\alaguillog\documents\updated comet\mstoolkit\x64\release\mstoolkitlite\gzlib.obj
c:\users\alaguillog\documents\updated comet\mstoolkit\x64\release\mstoolkitlite\gzclose.obj
c:\users\alaguillog\documents\updated comet\mstoolkit\x64\release\mstoolkitlite\deflate.obj
c:\users\alaguillog\documents\updated comet\mstoolkit\x64\release\mstoolkitlite\crc32.obj
c:\users\alaguillog\documents\updated comet\mstoolkit\x64\release\mstoolkitlite\compress.obj
c:\users\alaguillog\documents\updated comet\mstoolkit\x64\release\mstoolkitlite\adler32.obj
c:\users\alaguillog\documents\updated comet\mstoolkit\x64\release\mstoolkitlite\xmltok_ns.obj
c:\users\alaguillog\documents\updated comet\mstoolkit\x64\release\mstoolkitlite\xmltok_impl.obj
c:\users\alaguillog\documents\updated comet\mstoolkit\x64\release\mstoolkitlite\xmltok.obj
c:\users\alaguillog\documents\updated comet\mstoolkit\x64\release\mstoolkitlite\xmlrole.obj
c:\users\alaguillog\documents\updated comet\mstoolkit\x64\release\mstoolkitlite\xmlparse.obj
c:\users\alaguillog\documents\updated comet\mstoolkit\x64\release\mstoolkitlite\saxmzxmlhandler.obj
c:\users\alaguillog\documents\updated comet\mstoolkit\x64\release\mstoolkitlite\saxmzmlhandler.obj
c:\users\alaguillog\documents\updated comet\mstoolkit\x64\release\mstoolkitlite\saxhandler.obj
c:\users\alaguillog\documents\updated comet\mstoolkit\x64\release\mstoolkitlite\rampface.obj
c:\users\alaguillog\documents\updated comet\mstoolkit\x64\release\mstoolkitlite\pwizface.obj
c:\users\alaguillog\documents\updated comet\mstoolkit\x64\release\mstoolkitlite\mzp_base64.obj
c:\users\alaguillog\documents\updated comet\mstoolkit\x64\release\mstoolkitlite\mzpmz5structs.obj
c:\users\alaguillog\documents\updated comet\mstoolkit\x64\release\mstoolkitlite\mzpmz5config.obj
c:\users\alaguillog\documents\updated comet\mstoolkit\x64\release\mstoolkitlite\mzparser.obj
c:\users\alaguillog\documents\updated comet\mstoolkit\x64\release\mstoolkitlite\mzmlreader.obj
c:\users\alaguillog\documents\updated comet\mstoolkit\x64\release\mstoolkitlite\mz5handler.obj
c:\users\alaguillog\documents\updated comet\mstoolkit\x64\release\mstoolkitlite\msnumpress.obj
c:\users\alaguillog\documents\updated comet\mstoolkit\x64\release\mstoolkitlite\czran.obj
c:\users\alaguillog\documents\updated comet\mstoolkit\x64\release\mstoolkitlite\basicspectrum.obj
c:\users\alaguillog\documents\updated comet\mstoolkit\x64\release\mstoolkitlite\basicchromatogram.obj
c:\users\alaguillog\documents\updated comet\mstoolkit\x64\release\mstoolkitlite\spectrum.obj
c:\users\alaguillog\documents\updated comet\mstoolkit\x64\release\mstoolkitlite\rawreader.obj
c:\users\alaguillog\documents\updated comet\mstoolkit\x64\release\mstoolkitlite\mzmlwriter.obj
c:\users\alaguillog\documents\updated comet\mstoolkit\x64\release\mstoolkitlite\msreader.obj
c:\users\alaguillog\documents\updated comet\mstoolkit\x64\release\mstoolkitlite\msobject.obj
c:\users\alaguillog\documents\comet-ptm-delta-2018\mstoolkit\x64\release\mstoolkitlite\vc90.pdb
c:\users\alaguillog\documents\comet-ptm-delta-2018\mstoolkit\x64\release\mstoolkitlite\zutil.obj
c:\users\alaguillog\documents\comet-ptm-delta-2018\mstoolkit\x64\release\mstoolkitlite\uncompr.obj
c:\users\alaguillog\documents\comet-ptm-delta-2018\mstoolkit\x64\release\mstoolkitlite\trees.obj
c:\users\alaguillog\documents\comet-ptm-delta-2018\mstoolkit\x64\release\mstoolkitlite\inftrees.obj
c:\users\alaguillog\documents\comet-ptm-delta-2018\mstoolkit\x64\release\mstoolkitlite\inflate.obj
c:\users\alaguillog\documents\comet-ptm-delta-2018\mstoolkit\x64\release\mstoolkitlite\inffast.obj
c:\users\alaguillog\documents\comet-ptm-delta-2018\mstoolkit\x64\release\mstoolkitlite\infback.obj
c:\users\alaguillog\documents\comet-ptm-delta-2018\mstoolkit\x64\release\mstoolkitlite\gzwrite.obj
c:\users\alaguillog\documents\comet-ptm-delta-2018\mstoolkit\x64\release\mstoolkitlite\gzread.obj
c:\users\alaguillog\documents\comet-ptm-delta-2018\mstoolkit\x64\release\mstoolkitlite\gzlib.obj
c:\users\alaguillog\documents\comet-ptm-delta-2018\mstoolkit\x64\release\mstoolkitlite\gzclose.obj
c:\users\alaguillog\documents\comet-ptm-delta-2018\mstoolkit\x64\release\mstoolkitlite\deflate.obj
c:\users\alaguillog\documents\comet-ptm-delta-2018\mstoolkit\x64\release\mstoolkitlite\crc32.obj
c:\users\alaguillog\documents\comet-ptm-delta-2018\mstoolkit\x64\release\mstoolkitlite\compress.obj
c:\users\alaguillog\documents\comet-ptm-delta-2018\mstoolkit\x64\release\mstoolkitlite\adler32.obj
c:\users\alaguillog\documents\comet-ptm-delta-2018\mstoolkit\x64\release\mstoolkitlite\xmltok_ns.obj
c:\users\alaguillog\documents\comet-ptm-delta-2018\mstoolkit\x64\release\mstoolkitlite\xmltok_impl.obj
c:\users\alaguillog\documents\comet-ptm-delta-2018\mstoolkit\x64\release\mstoolkitlite\xmltok.obj
c:\users\alaguillog\documents\comet-ptm-delta-2018\mstoolkit\x64\release\mstoolkitlite\xmlrole.obj
c:\users\alaguillog\documents\comet-ptm-delta-2018\mstoolkit\x64\release\mstoolkitlite\xmlparse.obj
c:\users\alaguillog\documents\comet-ptm-delta-2018\mstoolkit\x64\release\mstoolkitlite\saxmzxmlhandler.obj
c:\users\alaguillog\documents\comet-ptm-delta-2018\mstoolkit\x64\release\mstoolkitlite\saxmzmlhandler.obj
c:\users\alaguillog\documents\comet-ptm-delta-2018\mstoolkit\x64\release\mstoolkitlite\saxhandler.obj
c:\users\alaguillog\documents\comet-ptm-delta-2018\mstoolkit\x64\release\mstoolkitlite\rampface.obj
c:\users\alaguillog\documents\comet-ptm-delta-2018\mstoolkit\x64\release\mstoolkitlite\pwizface.obj
c:\users\alaguillog\documents\comet-ptm-delta-2018\mstoolkit\x64\release\mstoolkitlite\mzp_base64.obj
c:\users\alaguillog\documents\comet-ptm-delta-2018\mstoolkit\x64\release\mstoolkitlite\mzpmz5structs.obj
c:\users\alaguillog\documents\comet-ptm-delta-2018\mstoolkit\x64\release\mstoolkitlite\mzpmz5config.obj
c:\users\alaguillog\documents\comet-ptm-delta-2018\mstoolkit\x64\release\mstoolkitlite\mzparser.obj
c:\users\alaguillog\documents\comet-ptm-delta-2018\mstoolkit\x64\release\mstoolkitlite\mzmlreader.obj
c:\users\alaguillog\documents\comet-ptm-delta-2018\mstoolkit\x64\release\mstoolkitlite\mz5handler.obj
c:\users\alaguillog\documents\comet-ptm-delta-2018\mstoolkit\x64\release\mstoolkitlite\msnumpress.obj
c:\users\alaguillog\documents\comet-ptm-delta-2018\mstoolkit\x64\release\mstoolkitlite\czran.obj
c:\users\alaguillog\documents\comet-ptm-delta-2018\mstoolkit\x64\release\mstoolkitlite\basicspectrum.obj
c:\users\alaguillog\documents\comet-ptm-delta-2018\mstoolkit\x64\release\mstoolkitlite\basicchromatogram.obj
c:\users\alaguillog\documents\comet-ptm-delta-2018\mstoolkit\x64\release\mstoolkitlite\spectrum.obj
c:\users\alaguillog\documents\comet-ptm-delta-2018\mstoolkit\x64\release\mstoolkitlite\rawreader.obj
c:\users\alaguillog\documents\comet-ptm-delta-2018\mstoolkit\x64\release\mstoolkitlite\mzmlwriter.obj
c:\users\alaguillog\documents\comet-ptm-delta-2018\mstoolkit\x64\release\mstoolkitlite\msreader.obj
c:\users\alaguillog\documents\comet-ptm-delta-2018\mstoolkit\x64\release\mstoolkitlite\msobject.obj
c:\users\alaguillog\documents\updated comet\x64\release\mstoolkitlite.lib
c:\users\alaguillog\documents\comet-ptm-delta-2018\x64\release\mstoolkitlite.lib
c:\users\alaguillog\documents\comet-ptm-delta-2018\mstoolkit\x64\release\mstoolkitlite.tlog\cl.command.1.tlog
c:\users\alaguillog\documents\comet-ptm-delta-2018\mstoolkit\x64\release\mstoolkitlite.tlog\cl.read.1.tlog
c:\users\alaguillog\documents\comet-ptm-delta-2018\mstoolkit\x64\release\mstoolkitlite.tlog\cl.write.1.tlog
c:\users\alaguillog\documents\comet-ptm-delta-2018\mstoolkit\x64\release\mstoolkitlite.tlog\lib-link.read.1.tlog
c:\users\alaguillog\documents\comet-ptm-delta-2018\mstoolkit\x64\release\mstoolkitlite.tlog\lib-link.write.1.tlog
c:\users\alaguillog\documents\comet-ptm-delta-2018\mstoolkit\x64\release\mstoolkitlite.tlog\lib.command.1.tlog
